<?xml version="1.0" encoding="UTF-8"?>
<!-- Generated by org.testng.reporters.JUnitReportReporter -->
<testsuite skipped="2" hostname="DESKTOP-54PLU4M" name="com.revature.tester.LoginTester" tests="3" failures="0" timestamp="24 Jan 2018 03:46:32 GMT" time="5.817" errors="0">
  <testcase name="testVPLogin" time="5.817" classname="com.revature.tester.LoginTester"/>
  <testcase name="testOnLoginPage" classname="com.revature.tester.LoginTester">
    <skipped/>
  </testcase> <!-- testOnLoginPage -->
  <testcase name="testTrainerLogin" classname="com.revature.tester.LoginTester">
    <skipped/>
  </testcase> <!-- testTrainerLogin -->
</testsuite> <!-- com.revature.tester.LoginTester -->
